This is XeTeX, Version 3.14159265-2.6-0.99998 (TeX Live 2017/W32TeX) (preloaded format=xelatex 2017.9.18)  26 SEP 2017 15:55
entering extended mode
 restricted \write18 enabled.
 file:line:error style messages enabled.
 %&-line parsing enabled.
**"c:/Users/ianaesthetic/Desktop/hbw/StudyMaterial/TexNote/Computer Graphics/Re
al-Time Rendering/Real-Time Rendering.tex"

(c:/Users/ianaesthetic/Desktop/hbw/StudyMaterial/TexNote/Computer Graphics/Real
-Time Rendering/Real-Time Rendering.tex
LaTeX2e <2017-04-15>
Babel <3.10> and hyphenation patterns for 84 language(s) loaded.
(c:/texlive/2017/texmf-dist/tex/latex/base/article.cls
Document Class: article 2014/09/29 v1.4h Standard LaTeX document class
(c:/texlive/2017/texmf-dist/tex/latex/base/size10.clo
File: size10.clo 2014/09/29 v1.4h Standard LaTeX file (size option)
)
\c@part=\count79
\c@section=\count80
\c@subsection=\count81
\c@subsubsection=\count82
\c@paragraph=\count83
\c@subparagraph=\count84
\c@figure=\count85
\c@table=\count86
\abovecaptionskip=\skip41
\belowcaptionskip=\skip42
\bibindent=\dimen102
)
(c:/texlive/2017/texmf-dist/tex/latex/tools/indentfirst.sty
Package: indentfirst 1995/11/23 v1.03 Indent first paragraph (DPC)
)
(c:/texlive/2017/texmf-dist/tex/latex/amsmath/amsmath.sty
Package: amsmath 2016/11/05 v2.16a AMS math features
\@mathmargin=\skip43

For additional information on amsmath, use the `?' option.
(c:/texlive/2017/texmf-dist/tex/latex/amsmath/amstext.sty
Package: amstext 2000/06/29 v2.01 AMS text

(c:/texlive/2017/texmf-dist/tex/latex/amsmath/amsgen.sty
File: amsgen.sty 1999/11/30 v2.0 generic functions
\@emptytoks=\toks14
\ex@=\dimen103
))
(c:/texlive/2017/texmf-dist/tex/latex/amsmath/amsbsy.sty
Package: amsbsy 1999/11/29 v1.2d Bold Symbols
\pmbraise@=\dimen104
)
(c:/texlive/2017/texmf-dist/tex/latex/amsmath/amsopn.sty
Package: amsopn 2016/03/08 v2.02 operator names
)
\inf@bad=\count87
LaTeX Info: Redefining \frac on input line 213.
\uproot@=\count88
\leftroot@=\count89
LaTeX Info: Redefining \overline on input line 375.
\classnum@=\count90
\DOTSCASE@=\count91
LaTeX Info: Redefining \ldots on input line 472.
LaTeX Info: Redefining \dots on input line 475.
LaTeX Info: Redefining \cdots on input line 596.
\Mathstrutbox@=\box26
\strutbox@=\box27
\big@size=\dimen105
LaTeX Font Info:    Redeclaring font encoding OML on input line 712.
LaTeX Font Info:    Redeclaring font encoding OMS on input line 713.
\macc@depth=\count92
\c@MaxMatrixCols=\count93
\dotsspace@=\muskip10
\c@parentequation=\count94
\dspbrk@lvl=\count95
\tag@help=\toks15
\row@=\count96
\column@=\count97
\maxfields@=\count98
\andhelp@=\toks16
\eqnshift@=\dimen106
\alignsep@=\dimen107
\tagshift@=\dimen108
\tagwidth@=\dimen109
\totwidth@=\dimen110
\lineht@=\dimen111
\@envbody=\toks17
\multlinegap=\skip44
\multlinetaggap=\skip45
\mathdisplay@stack=\toks18
LaTeX Info: Redefining \[ on input line 2817.
LaTeX Info: Redefining \] on input line 2818.
)
(c:/texlive/2017/texmf-dist/tex/latex/graphics/color.sty
Package: color 2016/07/10 v1.1e Standard LaTeX Color (DPC)

(c:/texlive/2017/texmf-dist/tex/latex/graphics-cfg/color.cfg
File: color.cfg 2016/01/02 v1.6 sample color configuration
)
Package color Info: Driver file: xetex.def on input line 147.

(c:/texlive/2017/texmf-dist/tex/latex/graphics-def/xetex.def
File: xetex.def 2016/07/11 v4.10 LaTeX color/graphics driver for XeTeX (L3/RRM/
JK)
))
(./Real-Time Rendering.aux)
\openout1 = `"Real-Time Rendering.aux"'.

LaTeX Font Info:    Checking defaults for OML/cmm/m/it on input line 5.
LaTeX Font Info:    ... okay on input line 5.
LaTeX Font Info:    Checking defaults for T1/cmr/m/n on input line 5.
LaTeX Font Info:    ... okay on input line 5.
LaTeX Font Info:    Checking defaults for OT1/cmr/m/n on input line 5.
LaTeX Font Info:    ... okay on input line 5.
LaTeX Font Info:    Checking defaults for OMS/cmsy/m/n on input line 5.
LaTeX Font Info:    ... okay on input line 5.
LaTeX Font Info:    Checking defaults for TU/lmr/m/n on input line 5.
LaTeX Font Info:    ... okay on input line 5.
LaTeX Font Info:    Checking defaults for OMX/cmex/m/n on input line 5.
LaTeX Font Info:    ... okay on input line 5.
LaTeX Font Info:    Checking defaults for U/cmr/m/n on input line 5.
LaTeX Font Info:    ... okay on input line 5.
 [1

]
Underfull \hbox (badness 10000) in paragraph at lines 8--8

 []


Underfull \hbox (badness 10000) in paragraph at lines 13--15

 []


Underfull \hbox (badness 10000) in paragraph at lines 16--19

 []


Underfull \hbox (badness 10000) in paragraph at lines 20--21

 []


Underfull \hbox (badness 10000) in paragraph at lines 23--25

 []


Underfull \hbox (badness 10000) in paragraph at lines 27--28

 []


Underfull \hbox (badness 10000) in paragraph at lines 33--34

 []


LaTeX Font Warning: Command \tiny invalid in math mode on input line 35.


LaTeX Font Warning: Command \tiny invalid in math mode on input line 35.


LaTeX Font Warning: Command \tiny invalid in math mode on input line 35.


LaTeX Font Warning: Command \tiny invalid in math mode on input line 35.

[2]
Underfull \hbox (badness 10000) in paragraph at lines 50--51

 []

[3]
Overfull \hbox (40.02534pt too wide) in paragraph at lines 74--77
[]\TU/lmr/m/n/10 There are also \TU/lmr/m/it/10 frame buffer\TU/lmr/m/n/10 (con
sists of all the buffer), \TU/lmr/m/it/10 accumulation buffer\TU/lmr/m/n/10 (co
mplement
 []

[4]
Underfull \hbox (badness 10000) in paragraph at lines 87--95

 []

[5] [6]
Overfull \hbox (4.42957pt too wide) in paragraph at lines 130--132
[]\TU/lmr/m/n/10 Vectors are presented as $[] \OT1/cmr/m/n/10 = (\OML/cmm/m/it/
10 v[]; v[]; v[]; \OT1/cmr/m/n/10 0)[]$ \TU/lmr/m/n/10 and points are $[] \OT1/
cmr/m/n/10 = (\OML/cmm/m/it/10 v[]; v[]; v[]; \OT1/cmr/m/n/10 1)[]$\TU/lmr/m/n/
10 . 
 []

[7]
Underfull \hbox (badness 10000) in paragraph at lines 219--221

 []


Underfull \hbox (badness 10000) in paragraph at lines 222--224

 []


Underfull \hbox (badness 10000) in paragraph at lines 232--234

 []


Underfull \hbox (badness 10000) in paragraph at lines 242--244

 []


Underfull \hbox (badness 10000) in paragraph at lines 266--268

 []

[8]
Underfull \hbox (badness 10000) in paragraph at lines 289--290

 []


Underfull \hbox (badness 10000) in paragraph at lines 302--303

 []


Underfull \hbox (badness 10000) in paragraph at lines 312--314

 []

[9]
Underfull \hbox (badness 10000) in paragraph at lines 332--333

 []


Underfull \hbox (badness 10000) in paragraph at lines 346--348

 []


Underfull \hbox (badness 10000) in paragraph at lines 357--359

 []


Underfull \hbox (badness 10000) in paragraph at lines 362--364

 []


Underfull \hbox (badness 10000) in paragraph at lines 364--366

 []

[10]
Underfull \hbox (badness 10000) in paragraph at lines 378--380

 []


Underfull \hbox (badness 10000) in paragraph at lines 384--386

 []

[11]
Underfull \hbox (badness 10000) in paragraph at lines 426--428

 []


Underfull \hbox (badness 10000) in paragraph at lines 441--443

 []


Underfull \hbox (badness 10000) in paragraph at lines 443--444

 []


Underfull \hbox (badness 10000) in paragraph at lines 444--446

 []

[12]
Overfull \hbox (34.00214pt too wide) detected at line 489
[] \OT1/cmr/m/n/10 = []
 []

[13]
Underfull \hbox (badness 10000) in paragraph at lines 494--496

 []

[14] [15]
Underfull \hbox (badness 10000) in paragraph at lines 579--580

 []

[16]
Underfull \hbox (badness 10000) in paragraph at lines 603--605

 []

[17]
Underfull \hbox (badness 10000) in paragraph at lines 676--678

 []

[18] [19] [20] [21] [22]
Underfull \hbox (badness 10000) in paragraph at lines 848--850

 []

[23] [24] [25]
Overfull \hbox (19.88567pt too wide) in paragraph at lines 898--899
[]$[][]$ \TU/lmr/m/n/10 and $\OML/cmm/m/it/10 ^^K[]$ \TU/lmr/m/n/10 refer to th
e incoming transparent object’s color and alpha value(\TU/lmr/m/it/10 source\TU
/lmr/m/n/10 ). 
 []

[26] [27] [28] [29] [30] [31] [32] (./Real-Time Rendering.aux) ) 
Here is how much of TeX's memory you used:
 1129 strings out of 493005
 14384 string characters out of 6137956
 89192 words of memory out of 5000000
 5113 multiletter control sequences out of 15000+600000
 7648 words of font info for 46 fonts, out of 8000000 for 9000
 1348 hyphenation exceptions out of 8191
 27i,18n,20p,1183b,187s stack positions out of 5000i,500n,10000p,200000b,80000s

Output written on Real-Time Rendering.pdf (32 pages).
